[Sat Mar 14 01:09:04 PDT 2026] Watching PID 14993 (WideResNet)...
[Sat Mar 14 04:20:07 PDT 2026] WideResNet finished!
[Sat Mar 14 04:20:07 PDT 2026] WARNING: No results_wideresnet.json found
[Sat Mar 14 04:20:07 PDT 2026] Launching TinyImageNet experiment...
Device: mps
Data dir: /Users/alisaffarini/burn-tokens/research/runs/run_057_bn_manual/data

======================================================================
EXPERIMENT 3: SmallResNet64 on Tiny-ImageNet (200 classes, 3 seeds)
======================================================================
  Downloading Tiny-ImageNet from http://cs231n.stanford.edu/tiny-imagenet-200.zip...
  Download complete (248 MB)
  Extracting...
  Extraction complete.
  TinyImageNet train: 100000 images, 200 classes
  TinyImageNet val: 10000 images, 200 classes
  TinyImageNet train: 100000 images, 200 classes

--- Tiny-ImageNet Seed 42 (1/3) ---
  Model: SmallResNet64, 11.3M params, 25 BN layers
  [TinyIN s42] Epoch   1/25 | Train: 0.0506 | Test: 0.0778
  [TinyIN s42] Epoch   5/25 | Train: 0.3063 | Test: 0.2915
  [TinyIN s42] Epoch  10/25 | Train: 0.4323 | Test: 0.3977
  [TinyIN s42] Epoch  15/25 | Train: 0.5405 | Test: 0.4580
  [TinyIN s42] Epoch  20/25 | Train: 0.7028 | Test: 0.5606
  [TinyIN s42] Epoch  25/25 | Train: 0.8865 | Test: 0.6088
    Computing class-conditional BN stats for 200 classes...
      BN stats computed for 50/200 classes
      BN stats computed for 100/200 classes
      BN stats computed for 150/200 classes
      BN stats computed for 200/200 classes
    Evaluating global...
      global: acc=0.6088, probe=0.5155
    Evaluating same_class...
      same_class: acc=0.0000, probe=1.0000
    Evaluating wrong_class...
      wrong_class: acc=0.0050, probe=1.0000
    Evaluating random_class...
      random_class: acc=0.0050, probe=0.5645
  Seed 42 done (7654s)

--- Tiny-ImageNet Seed 43 (2/3) ---
  Model: SmallResNet64, 11.3M params, 25 BN layers
  [TinyIN s43] Epoch   1/25 | Train: 0.0438 | Test: 0.0834
  [TinyIN s43] Epoch   5/25 | Train: 0.3083 | Test: 0.2500
  [TinyIN s43] Epoch  10/25 | Train: 0.4352 | Test: 0.3659
  [TinyIN s43] Epoch  15/25 | Train: 0.5426 | Test: 0.4589
  [TinyIN s43] Epoch  20/25 | Train: 0.7038 | Test: 0.5551
  [TinyIN s43] Epoch  25/25 | Train: 0.8842 | Test: 0.6108
    Computing class-conditional BN stats for 200 classes...
      BN stats computed for 50/200 classes
      BN stats computed for 100/200 classes
      BN stats computed for 150/200 classes
      BN stats computed for 200/200 classes
    Evaluating global...
      global: acc=0.6108, probe=0.5260
    Evaluating same_class...
      same_class: acc=0.0050, probe=1.0000
    Evaluating wrong_class...
      wrong_class: acc=0.0050, probe=1.0000
    Evaluating random_class...
      random_class: acc=0.0050, probe=0.5315
  Seed 43 done (7616s)

--- Tiny-ImageNet Seed 44 (3/3) ---
  Model: SmallResNet64, 11.3M params, 25 BN layers
  [TinyIN s44] Epoch   1/25 | Train: 0.0336 | Test: 0.0616
  [TinyIN s44] Epoch   5/25 | Train: 0.3026 | Test: 0.2752
  [TinyIN s44] Epoch  10/25 | Train: 0.4341 | Test: 0.3803
  [TinyIN s44] Epoch  15/25 | Train: 0.5392 | Test: 0.4249
  [TinyIN s44] Epoch  20/25 | Train: 0.7008 | Test: 0.5554
  [TinyIN s44] Epoch  25/25 | Train: 0.8836 | Test: 0.6036
    Computing class-conditional BN stats for 200 classes...
      BN stats computed for 50/200 classes
      BN stats computed for 100/200 classes
      BN stats computed for 150/200 classes
      BN stats computed for 200/200 classes
    Evaluating global...
      global: acc=0.6036, probe=0.5135
    Evaluating same_class...
      same_class: acc=0.0000, probe=1.0000
    Evaluating wrong_class...
      wrong_class: acc=0.0050, probe=1.0000
    Evaluating random_class...
      random_class: acc=0.0050, probe=0.6145
  Seed 44 done (7591s)

======================================================================
Tiny-ImageNet RESULTS
======================================================================
  global         | acc=0.6077±0.0030 | conf=0.5375±0.0024 | probe=0.5183±0.0055
  same_class     | acc=0.0017±0.0024 | conf=0.0049±0.0000 | probe=1.0000±0.0000
  wrong_class    | acc=0.0050±0.0000 | conf=0.0050±0.0000 | probe=1.0000±0.0000
  random_class   | acc=0.0050±0.0000 | conf=0.0050±0.0000 | probe=0.5702±0.0341

Statistical tests:
  same_vs_global_acc: t=-402.1622, p=0.000006
  wrong_vs_global_acc: t=-280.8902, p=0.000013
  same_vs_wrong_acc: t=-2.0000, p=0.183503
  same_vs_global_probe: t=124.2508, p=0.000065

Total time: 381.7 minutes
Results saved to /Users/alisaffarini/burn-tokens/research/runs/run_057_bn_manual/results_tinyimagenet.json
[Sat Mar 14 10:41:50 PDT 2026] TinyImageNet finished!
